{
  "Tool Call": {
    "sql_query": "SELECT u.name, COUNT(o.id) as order_count FROM users u LEFT JOIN orders o ON u.id = o.user_id WHERE u.created_date >= '2024-01-01' GROUP BY u.id, u.name ORDER BY order_count DESC",
    "database_type": "postgresql",
    "plan_format": "text"
  },
  "Return Data": {
    "execution_plan": "HashAggregate  (cost=45.67..50.12 rows=445 width=68)\n  Group Key: u.id, u.name\n  ->  Hash Right Join  (cost=22.50..40.89 rows=956 width=36)\n        Hash Cond: (o.user_id = u.id)\n        ->  Seq Scan on orders o  (cost=0.00..15.40 rows=540 width=8)\n        ->  Hash  (cost=20.00..20.00 rows=200 width=36)\n              ->  Seq Scan on users u  (cost=0.00..20.00 rows=200 width=36)\n                    Filter: (created_date >= '2024-01-01'::date)",
    "query_hash": "7a8f9c2d1e5b3a6c8f4d2e9a1b7c3e5f",
    "extraction_timestamp": "2024-12-19T14:32:18.456Z"
  }
}