{
  "Tool Call": {
    "raw_plan": "Seq Scan on customers  (cost=0.00..431.00 rows=10000 width=68)\n  Filter: (age > 25)\n  ->  Hash Join  (cost=143.00..886.25 rows=5000 width=136)\n       Hash Cond: (customers.id = orders.customer_id)\n       ->  Seq Scan on customers  (cost=0.00..431.00 rows=5000 width=68)\n       ->  Hash  (cost=86.00..86.00 rows=3000 width=68)\n            ->  Seq Scan on orders  (cost=0.00..86.00 rows=3000 width=68)",
    "database_type": "postgresql",
    "plan_format": "text",
    "include_statistics": true
  },
  "Return Data": {
    "operators": [
      "Seq Scan",
      "Hash Join",
      "Hash",
      "Filter"
    ],
    "total_cost": 886.25,
    "estimated_rows": 5000,
    "execution_time_estimate": 145.3,
    "plan_structure": "Hash Join -> [Seq Scan on customers (filtered), Hash -> Seq Scan on orders]"
  }
}